{"/Users/TannerSeramur/CodeFellows/401/labs/03-async/lib/reader-callbacks-array.js.js": {"path":"/Users/TannerSeramur/CodeFellows/401/labs/03-async/lib/reader-callbacks-array.js.js","statementMap":{"0":{"start":{"line":3,"column":11},"end":{"line":3,"column":24}},"1":{"start":{"line":4,"column":15},"end":{"line":4,"column":17}},"2":{"start":{"line":6,"column":0},"end":{"line":9,"column":2}},"3":{"start":{"line":7,"column":2},"end":{"line":7,"column":31}},"4":{"start":{"line":8,"column":2},"end":{"line":8,"column":16}},"5":{"start":{"line":11,"column":16},"end":{"line":19,"column":1}},"6":{"start":{"line":12,"column":2},"end":{"line":18,"column":5}},"7":{"start":{"line":13,"column":4},"end":{"line":17,"column":5}},"8":{"start":{"line":13,"column":14},"end":{"line":13,"column":24}},"9":{"start":{"line":16,"column":8},"end":{"line":16,"column":34}},"10":{"start":{"line":21,"column":16},"end":{"line":31,"column":1}},"11":{"start":{"line":22,"column":17},"end":{"line":29,"column":4}},"12":{"start":{"line":23,"column":4},"end":{"line":28,"column":7}},"13":{"start":{"line":24,"column":6},"end":{"line":24,"column":27}},"14":{"start":{"line":24,"column":15},"end":{"line":24,"column":25}},"15":{"start":{"line":26,"column":6},"end":{"line":26,"column":18}},"16":{"start":{"line":30,"column":2},"end":{"line":30,"column":32}},"17":{"start":{"line":33,"column":0},"end":{"line":40,"column":3}},"18":{"start":{"line":34,"column":2},"end":{"line":39,"column":3}},"19":{"start":{"line":35,"column":4},"end":{"line":35,"column":18}},"20":{"start":{"line":38,"column":4},"end":{"line":38,"column":30}}},"fnMap":{"0":{"name":"(anonymous_0)","decl":{"start":{"line":6,"column":27},"end":{"line":6,"column":28}},"loc":{"start":{"line":6,"column":48},"end":{"line":9,"column":1}},"line":6},"1":{"name":"(anonymous_1)","decl":{"start":{"line":11,"column":16},"end":{"line":11,"column":17}},"loc":{"start":{"line":11,"column":35},"end":{"line":19,"column":1}},"line":11},"2":{"name":"(anonymous_2)","decl":{"start":{"line":12,"column":21},"end":{"line":12,"column":22}},"loc":{"start":{"line":12,"column":36},"end":{"line":18,"column":3}},"line":12},"3":{"name":"(anonymous_3)","decl":{"start":{"line":21,"column":16},"end":{"line":21,"column":17}},"loc":{"start":{"line":21,"column":37},"end":{"line":31,"column":1}},"line":21},"4":{"name":"(anonymous_4)","decl":{"start":{"line":22,"column":27},"end":{"line":22,"column":28}},"loc":{"start":{"line":22,"column":35},"end":{"line":29,"column":3}},"line":22},"5":{"name":"(anonymous_5)","decl":{"start":{"line":23,"column":19},"end":{"line":23,"column":20}},"loc":{"start":{"line":23,"column":34},"end":{"line":28,"column":5}},"line":23},"6":{"name":"(anonymous_6)","decl":{"start":{"line":33,"column":63},"end":{"line":33,"column":64}},"loc":{"start":{"line":33,"column":78},"end":{"line":40,"column":1}},"line":33}},"branchMap":{"0":{"loc":{"start":{"line":13,"column":4},"end":{"line":17,"column":5}},"type":"if","locations":[{"start":{"line":13,"column":4},"end":{"line":17,"column":5}},{"start":{"line":13,"column":4},"end":{"line":17,"column":5}}],"line":13},"1":{"loc":{"start":{"line":24,"column":6},"end":{"line":24,"column":27}},"type":"if","locations":[{"start":{"line":24,"column":6},"end":{"line":24,"column":27}},{"start":{"line":24,"column":6},"end":{"line":24,"column":27}}],"line":24},"2":{"loc":{"start":{"line":34,"column":2},"end":{"line":39,"column":3}},"type":"if","locations":[{"start":{"line":34,"column":2},"end":{"line":39,"column":3}},{"start":{"line":34,"column":2},"end":{"line":39,"column":3}}],"line":34}},"s":{"0":1,"1":1,"2":1,"3":1,"4":1,"5":1,"6":6,"7":6,"8":0,"9":6,"10":1,"11":2,"12":6,"13":6,"14":0,"15":6,"16":2,"17":1,"18":1,"19":0,"20":1},"f":{"0":1,"1":6,"2":6,"3":2,"4":6,"5":6,"6":1},"b":{"0":[0,6],"1":[0,6],"2":[0,1]},"_coverageSchema":"332fd63041d2c1bcb487cc26dd0d5f7d97098a6c","hash":"9ad1d85e8bba20e35b586eadeba365ee45326bfc"}
,"/Users/TannerSeramur/CodeFellows/401/labs/03-async/lib/reader-fixed.js": {"path":"/Users/TannerSeramur/CodeFellows/401/labs/03-async/lib/reader-fixed.js","statementMap":{"0":{"start":{"line":3,"column":11},"end":{"line":3,"column":24}},"1":{"start":{"line":4,"column":15},"end":{"line":4,"column":17}},"2":{"start":{"line":6,"column":0},"end":{"line":9,"column":2}},"3":{"start":{"line":7,"column":2},"end":{"line":7,"column":31}},"4":{"start":{"line":8,"column":2},"end":{"line":8,"column":16}},"5":{"start":{"line":11,"column":16},"end":{"line":21,"column":1}},"6":{"start":{"line":12,"column":2},"end":{"line":20,"column":5}},"7":{"start":{"line":13,"column":4},"end":{"line":19,"column":5}},"8":{"start":{"line":13,"column":14},"end":{"line":13,"column":24}},"9":{"start":{"line":18,"column":8},"end":{"line":18,"column":34}},"10":{"start":{"line":24,"column":16},"end":{"line":56,"column":1}},"11":{"start":{"line":25,"column":19},"end":{"line":25,"column":21}},"12":{"start":{"line":26,"column":4},"end":{"line":52,"column":9}},"13":{"start":{"line":27,"column":8},"end":{"line":51,"column":9}},"14":{"start":{"line":27,"column":19},"end":{"line":27,"column":29}},"15":{"start":{"line":29,"column":10},"end":{"line":29,"column":37}},"16":{"start":{"line":30,"column":10},"end":{"line":30,"column":48}},"17":{"start":{"line":31,"column":10},"end":{"line":31,"column":49}},"18":{"start":{"line":32,"column":10},"end":{"line":50,"column":13}},"19":{"start":{"line":33,"column":12},"end":{"line":49,"column":13}},"20":{"start":{"line":33,"column":23},"end":{"line":33,"column":33}},"21":{"start":{"line":35,"column":14},"end":{"line":35,"column":41}},"22":{"start":{"line":36,"column":14},"end":{"line":36,"column":52}},"23":{"start":{"line":37,"column":14},"end":{"line":37,"column":53}},"24":{"start":{"line":38,"column":14},"end":{"line":48,"column":17}},"25":{"start":{"line":39,"column":16},"end":{"line":45,"column":17}},"26":{"start":{"line":39,"column":27},"end":{"line":39,"column":37}},"27":{"start":{"line":41,"column":18},"end":{"line":41,"column":45}},"28":{"start":{"line":42,"column":18},"end":{"line":42,"column":56}},"29":{"start":{"line":43,"column":18},"end":{"line":43,"column":57}},"30":{"start":{"line":47,"column":16},"end":{"line":47,"column":46}},"31":{"start":{"line":58,"column":0},"end":{"line":67,"column":5}},"32":{"start":{"line":59,"column":4},"end":{"line":66,"column":5}},"33":{"start":{"line":60,"column":6},"end":{"line":60,"column":20}},"34":{"start":{"line":63,"column":6},"end":{"line":63,"column":32}}},"fnMap":{"0":{"name":"(anonymous_0)","decl":{"start":{"line":6,"column":27},"end":{"line":6,"column":28}},"loc":{"start":{"line":6,"column":48},"end":{"line":9,"column":1}},"line":6},"1":{"name":"(anonymous_1)","decl":{"start":{"line":11,"column":16},"end":{"line":11,"column":17}},"loc":{"start":{"line":11,"column":35},"end":{"line":21,"column":1}},"line":11},"2":{"name":"(anonymous_2)","decl":{"start":{"line":12,"column":21},"end":{"line":12,"column":22}},"loc":{"start":{"line":12,"column":36},"end":{"line":20,"column":3}},"line":12},"3":{"name":"(anonymous_3)","decl":{"start":{"line":24,"column":16},"end":{"line":24,"column":17}},"loc":{"start":{"line":24,"column":37},"end":{"line":56,"column":1}},"line":24},"4":{"name":"(anonymous_4)","decl":{"start":{"line":26,"column":21},"end":{"line":26,"column":22}},"loc":{"start":{"line":26,"column":36},"end":{"line":52,"column":7}},"line":26},"5":{"name":"(anonymous_5)","decl":{"start":{"line":32,"column":27},"end":{"line":32,"column":28}},"loc":{"start":{"line":32,"column":42},"end":{"line":50,"column":11}},"line":32},"6":{"name":"(anonymous_6)","decl":{"start":{"line":38,"column":31},"end":{"line":38,"column":32}},"loc":{"start":{"line":38,"column":46},"end":{"line":48,"column":15}},"line":38},"7":{"name":"(anonymous_7)","decl":{"start":{"line":58,"column":63},"end":{"line":58,"column":64}},"loc":{"start":{"line":58,"column":78},"end":{"line":67,"column":3}},"line":58}},"branchMap":{"0":{"loc":{"start":{"line":13,"column":4},"end":{"line":19,"column":5}},"type":"if","locations":[{"start":{"line":13,"column":4},"end":{"line":19,"column":5}},{"start":{"line":13,"column":4},"end":{"line":19,"column":5}}],"line":13},"1":{"loc":{"start":{"line":27,"column":8},"end":{"line":51,"column":9}},"type":"if","locations":[{"start":{"line":27,"column":8},"end":{"line":51,"column":9}},{"start":{"line":27,"column":8},"end":{"line":51,"column":9}}],"line":27},"2":{"loc":{"start":{"line":33,"column":12},"end":{"line":49,"column":13}},"type":"if","locations":[{"start":{"line":33,"column":12},"end":{"line":49,"column":13}},{"start":{"line":33,"column":12},"end":{"line":49,"column":13}}],"line":33},"3":{"loc":{"start":{"line":39,"column":16},"end":{"line":45,"column":17}},"type":"if","locations":[{"start":{"line":39,"column":16},"end":{"line":45,"column":17}},{"start":{"line":39,"column":16},"end":{"line":45,"column":17}}],"line":39},"4":{"loc":{"start":{"line":59,"column":4},"end":{"line":66,"column":5}},"type":"if","locations":[{"start":{"line":59,"column":4},"end":{"line":66,"column":5}},{"start":{"line":59,"column":4},"end":{"line":66,"column":5}}],"line":59}},"s":{"0":1,"1":1,"2":1,"3":1,"4":1,"5":1,"6":6,"7":6,"8":0,"9":6,"10":1,"11":2,"12":2,"13":2,"14":0,"15":2,"16":2,"17":2,"18":2,"19":2,"20":0,"21":2,"22":2,"23":2,"24":2,"25":2,"26":0,"27":2,"28":2,"29":2,"30":2,"31":1,"32":1,"33":0,"34":1},"f":{"0":1,"1":6,"2":6,"3":2,"4":2,"5":2,"6":2,"7":1},"b":{"0":[0,6],"1":[0,2],"2":[0,2],"3":[0,2],"4":[0,1]},"_coverageSchema":"332fd63041d2c1bcb487cc26dd0d5f7d97098a6c","hash":"fdb1c2ffe4eef4e5b2455d19870bfa96d962b19d"}
}
