{"/Users/TannerSeramur/CodeFellows/401/labs/03-async/lib/reader-fixed.js": {"path":"/Users/TannerSeramur/CodeFellows/401/labs/03-async/lib/reader-fixed.js","statementMap":{"0":{"start":{"line":3,"column":11},"end":{"line":3,"column":24}},"1":{"start":{"line":4,"column":15},"end":{"line":4,"column":17}},"2":{"start":{"line":6,"column":0},"end":{"line":9,"column":2}},"3":{"start":{"line":7,"column":2},"end":{"line":7,"column":31}},"4":{"start":{"line":8,"column":2},"end":{"line":8,"column":16}},"5":{"start":{"line":11,"column":16},"end":{"line":19,"column":1}},"6":{"start":{"line":12,"column":2},"end":{"line":18,"column":5}},"7":{"start":{"line":13,"column":4},"end":{"line":17,"column":5}},"8":{"start":{"line":13,"column":14},"end":{"line":13,"column":24}},"9":{"start":{"line":16,"column":8},"end":{"line":16,"column":34}},"10":{"start":{"line":22,"column":16},"end":{"line":54,"column":1}},"11":{"start":{"line":23,"column":19},"end":{"line":23,"column":21}},"12":{"start":{"line":24,"column":4},"end":{"line":50,"column":9}},"13":{"start":{"line":25,"column":8},"end":{"line":49,"column":9}},"14":{"start":{"line":25,"column":19},"end":{"line":25,"column":29}},"15":{"start":{"line":27,"column":10},"end":{"line":27,"column":37}},"16":{"start":{"line":28,"column":10},"end":{"line":28,"column":48}},"17":{"start":{"line":29,"column":10},"end":{"line":29,"column":49}},"18":{"start":{"line":30,"column":10},"end":{"line":48,"column":13}},"19":{"start":{"line":31,"column":12},"end":{"line":47,"column":13}},"20":{"start":{"line":31,"column":23},"end":{"line":31,"column":33}},"21":{"start":{"line":33,"column":14},"end":{"line":33,"column":41}},"22":{"start":{"line":34,"column":14},"end":{"line":34,"column":52}},"23":{"start":{"line":35,"column":14},"end":{"line":35,"column":53}},"24":{"start":{"line":36,"column":14},"end":{"line":46,"column":17}},"25":{"start":{"line":37,"column":16},"end":{"line":43,"column":17}},"26":{"start":{"line":37,"column":27},"end":{"line":37,"column":37}},"27":{"start":{"line":39,"column":18},"end":{"line":39,"column":45}},"28":{"start":{"line":40,"column":18},"end":{"line":40,"column":56}},"29":{"start":{"line":41,"column":18},"end":{"line":41,"column":57}},"30":{"start":{"line":45,"column":16},"end":{"line":45,"column":46}},"31":{"start":{"line":56,"column":0},"end":{"line":68,"column":2}},"32":{"start":{"line":57,"column":4},"end":{"line":66,"column":5}},"33":{"start":{"line":58,"column":6},"end":{"line":58,"column":20}},"34":{"start":{"line":61,"column":8},"end":{"line":61,"column":28}}},"fnMap":{"0":{"name":"(anonymous_0)","decl":{"start":{"line":6,"column":27},"end":{"line":6,"column":28}},"loc":{"start":{"line":6,"column":48},"end":{"line":9,"column":1}},"line":6},"1":{"name":"(anonymous_1)","decl":{"start":{"line":11,"column":16},"end":{"line":11,"column":17}},"loc":{"start":{"line":11,"column":35},"end":{"line":19,"column":1}},"line":11},"2":{"name":"(anonymous_2)","decl":{"start":{"line":12,"column":21},"end":{"line":12,"column":22}},"loc":{"start":{"line":12,"column":36},"end":{"line":18,"column":3}},"line":12},"3":{"name":"(anonymous_3)","decl":{"start":{"line":22,"column":16},"end":{"line":22,"column":17}},"loc":{"start":{"line":22,"column":37},"end":{"line":54,"column":1}},"line":22},"4":{"name":"(anonymous_4)","decl":{"start":{"line":24,"column":21},"end":{"line":24,"column":22}},"loc":{"start":{"line":24,"column":36},"end":{"line":50,"column":7}},"line":24},"5":{"name":"(anonymous_5)","decl":{"start":{"line":30,"column":27},"end":{"line":30,"column":28}},"loc":{"start":{"line":30,"column":42},"end":{"line":48,"column":11}},"line":30},"6":{"name":"(anonymous_6)","decl":{"start":{"line":36,"column":31},"end":{"line":36,"column":32}},"loc":{"start":{"line":36,"column":46},"end":{"line":46,"column":15}},"line":36},"7":{"name":"(anonymous_7)","decl":{"start":{"line":56,"column":75},"end":{"line":56,"column":76}},"loc":{"start":{"line":56,"column":90},"end":{"line":67,"column":3}},"line":56}},"branchMap":{"0":{"loc":{"start":{"line":13,"column":4},"end":{"line":17,"column":5}},"type":"if","locations":[{"start":{"line":13,"column":4},"end":{"line":17,"column":5}},{"start":{"line":13,"column":4},"end":{"line":17,"column":5}}],"line":13},"1":{"loc":{"start":{"line":25,"column":8},"end":{"line":49,"column":9}},"type":"if","locations":[{"start":{"line":25,"column":8},"end":{"line":49,"column":9}},{"start":{"line":25,"column":8},"end":{"line":49,"column":9}}],"line":25},"2":{"loc":{"start":{"line":31,"column":12},"end":{"line":47,"column":13}},"type":"if","locations":[{"start":{"line":31,"column":12},"end":{"line":47,"column":13}},{"start":{"line":31,"column":12},"end":{"line":47,"column":13}}],"line":31},"3":{"loc":{"start":{"line":37,"column":16},"end":{"line":43,"column":17}},"type":"if","locations":[{"start":{"line":37,"column":16},"end":{"line":43,"column":17}},{"start":{"line":37,"column":16},"end":{"line":43,"column":17}}],"line":37},"4":{"loc":{"start":{"line":57,"column":4},"end":{"line":66,"column":5}},"type":"if","locations":[{"start":{"line":57,"column":4},"end":{"line":66,"column":5}},{"start":{"line":57,"column":4},"end":{"line":66,"column":5}}],"line":57}},"s":{"0":1,"1":1,"2":1,"3":1,"4":1,"5":1,"6":6,"7":6,"8":0,"9":6,"10":1,"11":2,"12":2,"13":2,"14":0,"15":2,"16":2,"17":2,"18":2,"19":2,"20":0,"21":2,"22":2,"23":2,"24":2,"25":2,"26":0,"27":2,"28":2,"29":2,"30":2,"31":1,"32":1,"33":0,"34":1},"f":{"0":1,"1":6,"2":6,"3":2,"4":2,"5":2,"6":2,"7":1},"b":{"0":[0,6],"1":[0,2],"2":[0,2],"3":[0,2],"4":[0,1]},"_coverageSchema":"332fd63041d2c1bcb487cc26dd0d5f7d97098a6c","hash":"9054f738cb287b99dc7b202181d8ef735a716936"}
}
