TN:
SF:/Users/TannerSeramur/CodeFellows/401/labs/03-async/lib/reader-callbacks-array.js.js
FN:6,(anonymous_0)
FN:11,(anonymous_1)
FN:12,(anonymous_2)
FN:21,(anonymous_3)
FN:22,(anonymous_4)
FN:23,(anonymous_5)
FN:33,(anonymous_6)
FNF:7
FNH:7
FNDA:1,(anonymous_0)
FNDA:6,(anonymous_1)
FNDA:6,(anonymous_2)
FNDA:2,(anonymous_3)
FNDA:6,(anonymous_4)
FNDA:6,(anonymous_5)
FNDA:1,(anonymous_6)
DA:3,1
DA:4,1
DA:6,1
DA:7,1
DA:8,1
DA:11,1
DA:12,6
DA:13,6
DA:16,6
DA:21,1
DA:22,2
DA:23,6
DA:24,6
DA:26,6
DA:30,2
DA:33,1
DA:34,1
DA:35,0
DA:38,1
LF:19
LH:18
BRDA:13,0,0,0
BRDA:13,0,1,6
BRDA:24,1,0,0
BRDA:24,1,1,6
BRDA:34,2,0,0
BRDA:34,2,1,1
BRF:6
BRH:3
end_of_record
TN:
SF:/Users/TannerSeramur/CodeFellows/401/labs/03-async/lib/reader-fixed.js
FN:6,(anonymous_0)
FN:11,(anonymous_1)
FN:12,(anonymous_2)
FN:24,(anonymous_3)
FN:26,(anonymous_4)
FN:32,(anonymous_5)
FN:38,(anonymous_6)
FN:58,(anonymous_7)
FNF:8
FNH:8
FNDA:1,(anonymous_0)
FNDA:6,(anonymous_1)
FNDA:6,(anonymous_2)
FNDA:2,(anonymous_3)
FNDA:2,(anonymous_4)
FNDA:2,(anonymous_5)
FNDA:2,(anonymous_6)
FNDA:1,(anonymous_7)
DA:3,1
DA:4,1
DA:6,1
DA:7,1
DA:8,1
DA:11,1
DA:12,6
DA:13,6
DA:18,6
DA:24,1
DA:25,2
DA:26,2
DA:27,2
DA:29,2
DA:30,2
DA:31,2
DA:32,2
DA:33,2
DA:35,2
DA:36,2
DA:37,2
DA:38,2
DA:39,2
DA:41,2
DA:42,2
DA:43,2
DA:47,2
DA:58,1
DA:59,1
DA:60,0
DA:63,1
LF:31
LH:30
BRDA:13,0,0,0
BRDA:13,0,1,6
BRDA:27,1,0,0
BRDA:27,1,1,2
BRDA:33,2,0,0
BRDA:33,2,1,2
BRDA:39,3,0,0
BRDA:39,3,1,2
BRDA:59,4,0,0
BRDA:59,4,1,1
BRF:10
BRH:5
end_of_record
