TN:
SF:/Users/TannerSeramur/CodeFellows/401/labs/03-async/lib/reader-fixed.js
FN:6,(anonymous_0)
FN:11,(anonymous_1)
FN:12,(anonymous_2)
FN:22,(anonymous_3)
FN:24,(anonymous_4)
FN:30,(anonymous_5)
FN:36,(anonymous_6)
FN:56,(anonymous_7)
FNF:8
FNH:8
FNDA:1,(anonymous_0)
FNDA:6,(anonymous_1)
FNDA:6,(anonymous_2)
FNDA:2,(anonymous_3)
FNDA:2,(anonymous_4)
FNDA:2,(anonymous_5)
FNDA:2,(anonymous_6)
FNDA:1,(anonymous_7)
DA:3,1
DA:4,1
DA:6,1
DA:7,1
DA:8,1
DA:11,1
DA:12,6
DA:13,6
DA:16,6
DA:22,1
DA:23,2
DA:24,2
DA:25,2
DA:27,2
DA:28,2
DA:29,2
DA:30,2
DA:31,2
DA:33,2
DA:34,2
DA:35,2
DA:36,2
DA:37,2
DA:39,2
DA:40,2
DA:41,2
DA:45,2
DA:56,1
DA:57,1
DA:58,0
DA:61,1
LF:31
LH:30
BRDA:13,0,0,0
BRDA:13,0,1,6
BRDA:25,1,0,0
BRDA:25,1,1,2
BRDA:31,2,0,0
BRDA:31,2,1,2
BRDA:37,3,0,0
BRDA:37,3,1,2
BRDA:57,4,0,0
BRDA:57,4,1,1
BRF:10
BRH:5
end_of_record
